<?xml version="1.0" encoding="UTF-8"?>
<testsuite name="de.lamsal.esrepo.SimpleRepositoryTest" tests="2" skipped="0" failures="0" errors="0" timestamp="2019-05-29T19:57:34" hostname="MASTABLASTA" time="10.354">
  <properties/>
  <testcase name="should PUT against ES when saving with ID, simply returns the same id again()" classname="de.lamsal.esrepo.SimpleRepositoryTest" time="6.136"/>
  <testcase name="should POST against ES when saving without ID, sets responss's id accordingly()" classname="de.lamsal.esrepo.SimpleRepositoryTest" time="4.218"/>
  <system-out><![CDATA[]]></system-out>
  <system-err><![CDATA[SLF4J: Failed to load class "org.slf4j.impl.StaticLoggerBinder".
SLF4J: Defaulting to no-operation (NOP) logger implementation
SLF4J: See http://www.slf4j.org/codes.html#StaticLoggerBinder for further details.
Warning: Nashorn engine is planned to be removed from a future JDK release
Warning: Nashorn engine is planned to be removed from a future JDK release
]]></system-err>
</testsuite>
